SF:lib/src/domain/countdown_exception.dart
DA:6,1
LF:1
LH:1
end_of_record
SF:lib/src/infra/countdown_impl.dart
DA:21,1
DA:26,1
DA:27,1
DA:29,1
DA:31,1
DA:34,1
DA:36,1
DA:39,1
DA:41,1
DA:44,1
DA:46,1
DA:47,2
DA:48,1
DA:51,1
DA:53,3
DA:55,1
DA:57,1
DA:58,3
DA:61,1
DA:63,1
DA:64,2
DA:65,2
DA:66,2
DA:67,1
DA:70,1
DA:72,1
DA:75,1
DA:77,2
DA:78,1
DA:80,2
DA:81,1
DA:84,1
DA:85,2
DA:86,1
DA:87,4
DA:91,1
DA:92,2
DA:93,1
DA:99,1
DA:100,3
DA:101,6
DA:102,1
DA:103,1
DA:104,2
DA:106,1
DA:109,3
DA:110,1
DA:111,4
DA:116,1
DA:117,2
DA:118,2
LF:51
LH:51
end_of_record
