SF:lib/src/domain/countdown_exception.dart
DA:6,1
LF:1
LH:1
end_of_record
SF:lib/src/domain/countdown_status.dart
DA:1,1
LF:1
LH:1
end_of_record
SF:lib/src/infra/countdown_impl.dart
DA:21,1
DA:26,1
DA:27,1
DA:29,1
DA:31,1
DA:34,1
DA:36,1
DA:39,1
DA:41,1
DA:44,1
DA:46,1
DA:47,2
DA:48,1
DA:51,1
DA:53,3
DA:55,1
DA:57,1
DA:58,3
DA:61,1
DA:63,1
DA:64,2
DA:65,2
DA:66,2
DA:67,1
DA:70,1
DA:72,1
DA:75,1
DA:77,2
DA:78,2
DA:79,1
DA:80,4
DA:82,1
DA:85,1
DA:86,2
DA:87,1
DA:88,4
DA:92,1
DA:93,2
DA:94,1
DA:100,1
DA:101,3
DA:102,6
DA:103,1
DA:104,1
DA:105,2
DA:107,1
DA:110,3
DA:111,1
DA:112,4
DA:117,1
DA:118,2
DA:119,2
LF:52
LH:52
end_of_record
SF:lib/src/domain/countdown_error.dart
DA:1,1
LF:1
LH:1
end_of_record
